<?xml version="1.0" encoding="UTF-8"?>
<!-- Generated by org.testng.reporters.JUnitReportReporter -->
<testsuite skipped="0" hostname="king-PC" name="testng.Screenshot_captureTest" tests="1" failures="0" timestamp="2019-10-15T20:46:41 IST" time="0.014" errors="0">
  <testcase name="f" time="0.014" classname="testng.Screenshot_captureTest"/>
</testsuite> <!-- testng.Screenshot_captureTest -->
